# JRE version: Java(TM) SE Runtime Environment (19.0.2+7) (build 19.0.2+7-44)
# Java VM: Java HotSpot(TM) 64-Bit Server VM (19.0.2+7-44, mixed mode, sharing, tiered, compressed oops, compressed class ptrs, g1 gc, bsd-aarch64)
Heap:
 garbage-first heap   total 65536K, used 63737K [0x00000007fc000000, 0x0000000800000000)
  region size 1024K, 0 young (0K), 0 survivors (0K)
 Metaspace       used 8596K, committed 9024K, reserved 1114112K
  class space    used 1115K, committed 1280K, reserved 1048576K
GC Heap History (20 events):
Event: 4.075 GC heap before
{Heap before GC invocations=162 (full 86):
 garbage-first heap   total 65536K, used 63738K [0x00000007fc000000, 0x0000000800000000)
  region size 1024K, 0 young (0K), 0 survivors (0K)
 Metaspace       used 8596K, committed 9024K, reserved 1114112K
  class space    used 1115K, committed 1280K, reserved 1048576K
}
Event: 4.114 GC heap after
{Heap after GC invocations=163 (full 87):
 garbage-first heap   total 65536K, used 63738K [0x00000007fc000000, 0x0000000800000000)
  region size 1024K, 0 young (0K), 0 survivors (0K)
 Metaspace       used 8596K, committed 9024K, reserved 1114112K
  class space    used 1115K, committed 1280K, reserved 1048576K
}
Event: 4.114 GC heap before
{Heap before GC invocations=163 (full 87):
 garbage-first heap   total 65536K, used 63738K [0x00000007fc000000, 0x0000000800000000)
  region size 1024K, 0 young (0K), 0 survivors (0K)
 Metaspace       used 8596K, committed 9024K, reserved 1114112K
  class space    used 1115K, committed 1280K, reserved 1048576K
}
Event: 4.115 GC heap after
{Heap after GC invocations=164 (full 87):
 garbage-first heap   total 65536K, used 63738K [0x00000007fc000000, 0x0000000800000000)
  region size 1024K, 0 young (0K), 0 survivors (0K)
 Metaspace       used 8596K, committed 9024K, reserved 1114112K
  class space    used 1115K, committed 1280K, reserved 1048576K
}
Event: 4.115 GC heap before
{Heap before GC invocations=164 (full 87):
 garbage-first heap   total 65536K, used 63738K [0x00000007fc000000, 0x0000000800000000)
  region size 1024K, 0 young (0K), 0 survivors (0K)
 Metaspace       used 8596K, committed 9024K, reserved 1114112K
  class space    used 1115K, committed 1280K, reserved 1048576K
}
Event: 4.134 GC heap after
{Heap after GC invocations=165 (full 88):
 garbage-first heap   total 65536K, used 63738K [0x00000007fc000000, 0x0000000800000000)
  region size 1024K, 0 young (0K), 0 survivors (0K)
 Metaspace       used 8596K, committed 9024K, reserved 1114112K
  class space    used 1115K, committed 1280K, reserved 1048576K
}
Event: 4.134 GC heap before
{Heap before GC invocations=165 (full 88):
 garbage-first heap   total 65536K, used 63738K [0x00000007fc000000, 0x0000000800000000)
  region size 1024K, 0 young (0K), 0 survivors (0K)
 Metaspace       used 8596K, committed 9024K, reserved 1114112K
  class space    used 1115K, committed 1280K, reserved 1048576K
}
Event: 4.173 GC heap after
{Heap after GC invocations=166 (full 89):
 garbage-first heap   total 65536K, used 63738K [0x00000007fc000000, 0x0000000800000000)
  region size 1024K, 0 young (0K), 0 survivors (0K)
 Metaspace       used 8596K, committed 9024K, reserved 1114112K
  class space    used 1115K, committed 1280K, reserved 1048576K
}
Event: 4.173 GC heap before
{Heap before GC invocations=166 (full 89):
 garbage-first heap   total 65536K, used 63738K [0x00000007fc000000, 0x0000000800000000)
  region size 1024K, 0 young (0K), 0 survivors (0K)
 Metaspace       used 8596K, committed 9024K, reserved 1114112K
  class space    used 1115K, committed 1280K, reserved 1048576K
}
Event: 4.173 GC heap after
{Heap after GC invocations=167 (full 89):
 garbage-first heap   total 65536K, used 63738K [0x00000007fc000000, 0x0000000800000000)
  region size 1024K, 0 young (0K), 0 survivors (0K)
 Metaspace       used 8596K, committed 9024K, reserved 1114112K
  class space    used 1115K, committed 1280K, reserved 1048576K
}
Event: 4.173 GC heap before
{Heap before GC invocations=167 (full 89):
 garbage-first heap   total 65536K, used 63738K [0x00000007fc000000, 0x0000000800000000)
  region size 1024K, 0 young (0K), 0 survivors (0K)
 Metaspace       used 8596K, committed 9024K, reserved 1114112K
  class space    used 1115K, committed 1280K, reserved 1048576K
}
Event: 4.197 GC heap after
{Heap after GC invocations=168 (full 90):
 garbage-first heap   total 65536K, used 63738K [0x00000007fc000000, 0x0000000800000000)
  region size 1024K, 0 young (0K), 0 survivors (0K)
 Metaspace       used 8596K, committed 9024K, reserved 1114112K
  class space    used 1115K, committed 1280K, reserved 1048576K
}
Event: 4.197 GC heap before
{Heap before GC invocations=168 (full 90):
 garbage-first heap   total 65536K, used 63738K [0x00000007fc000000, 0x0000000800000000)
  region size 1024K, 0 young (0K), 0 survivors (0K)
 Metaspace       used 8596K, committed 9024K, reserved 1114112K
  class space    used 1115K, committed 1280K, reserved 1048576K
}
Event: 4.246 GC heap after
{Heap after GC invocations=169 (full 91):
 garbage-first heap   total 65536K, used 63737K [0x00000007fc000000, 0x0000000800000000)
  region size 1024K, 0 young (0K), 0 survivors (0K)
 Metaspace       used 8596K, committed 9024K, reserved 1114112K
  class space    used 1115K, committed 1280K, reserved 1048576K
}
Event: 4.246 GC heap before
{Heap before GC invocations=169 (full 91):
 garbage-first heap   total 65536K, used 63737K [0x00000007fc000000, 0x0000000800000000)
  region size 1024K, 0 young (0K), 0 survivors (0K)
 Metaspace       used 8596K, committed 9024K, reserved 1114112K
  class space    used 1115K, committed 1280K, reserved 1048576K
}
Event: 4.247 GC heap after
{Heap after GC invocations=170 (full 91):
 garbage-first heap   total 65536K, used 63737K [0x00000007fc000000, 0x0000000800000000)
  region size 1024K, 0 young (0K), 0 survivors (0K)
 Metaspace       used 8596K, committed 9024K, reserved 1114112K
  class space    used 1115K, committed 1280K, reserved 1048576K
}
Event: 4.247 GC heap before
{Heap before GC invocations=170 (full 91):
 garbage-first heap   total 65536K, used 63737K [0x00000007fc000000, 0x0000000800000000)
  region size 1024K, 0 young (0K), 0 survivors (0K)
 Metaspace       used 8596K, committed 9024K, reserved 1114112K
  class space    used 1115K, committed 1280K, reserved 1048576K
}
Event: 4.282 GC heap after
{Heap after GC invocations=171 (full 92):
 garbage-first heap   total 65536K, used 63737K [0x00000007fc000000, 0x0000000800000000)
  region size 1024K, 0 young (0K), 0 survivors (0K)
 Metaspace       used 8596K, committed 9024K, reserved 1114112K
  class space    used 1115K, committed 1280K, reserved 1048576K
}
Event: 4.282 GC heap before
{Heap before GC invocations=171 (full 92):
 garbage-first heap   total 65536K, used 63737K [0x00000007fc000000, 0x0000000800000000)
  region size 1024K, 0 young (0K), 0 survivors (0K)
 Metaspace       used 8596K, committed 9024K, reserved 1114112K
  class space    used 1115K, committed 1280K, reserved 1048576K
}
Event: 4.326 GC heap after
{Heap after GC invocations=172 (full 93):
 garbage-first heap   total 65536K, used 63737K [0x00000007fc000000, 0x0000000800000000)
  region size 1024K, 0 young (0K), 0 survivors (0K)
 Metaspace       used 8596K, committed 9024K, reserved 1114112K
  class space    used 1115K, committed 1280K, reserved 1048576K
}

