# JRE version: Java(TM) SE Runtime Environment (19.0.2+7) (build 19.0.2+7-44)
# Java VM: Java HotSpot(TM) 64-Bit Server VM (19.0.2+7-44, mixed mode, sharing, tiered, compressed oops, compressed class ptrs, g1 gc, bsd-aarch64)
Heap:
 garbage-first heap   total 65536K, used 63406K [0x00000007fc000000, 0x0000000800000000)
  region size 1024K, 0 young (0K), 0 survivors (0K)
 Metaspace       used 8605K, committed 9024K, reserved 1114112K
  class space    used 1114K, committed 1280K, reserved 1048576K
GC Heap History (20 events):
Event: 3.770 GC heap before
{Heap before GC invocations=157 (full 84):
 garbage-first heap   total 65536K, used 63407K [0x00000007fc000000, 0x0000000800000000)
  region size 1024K, 0 young (0K), 0 survivors (0K)
 Metaspace       used 8605K, committed 9024K, reserved 1114112K
  class space    used 1114K, committed 1280K, reserved 1048576K
}
Event: 3.809 GC heap after
{Heap after GC invocations=158 (full 85):
 garbage-first heap   total 65536K, used 63407K [0x00000007fc000000, 0x0000000800000000)
  region size 1024K, 0 young (0K), 0 survivors (0K)
 Metaspace       used 8605K, committed 9024K, reserved 1114112K
  class space    used 1114K, committed 1280K, reserved 1048576K
}
Event: 3.809 GC heap before
{Heap before GC invocations=158 (full 85):
 garbage-first heap   total 65536K, used 63407K [0x00000007fc000000, 0x0000000800000000)
  region size 1024K, 0 young (0K), 0 survivors (0K)
 Metaspace       used 8605K, committed 9024K, reserved 1114112K
  class space    used 1114K, committed 1280K, reserved 1048576K
}
Event: 3.809 GC heap after
{Heap after GC invocations=159 (full 85):
 garbage-first heap   total 65536K, used 63407K [0x00000007fc000000, 0x0000000800000000)
  region size 1024K, 0 young (0K), 0 survivors (0K)
 Metaspace       used 8605K, committed 9024K, reserved 1114112K
  class space    used 1114K, committed 1280K, reserved 1048576K
}
Event: 3.809 GC heap before
{Heap before GC invocations=159 (full 85):
 garbage-first heap   total 65536K, used 63407K [0x00000007fc000000, 0x0000000800000000)
  region size 1024K, 0 young (0K), 0 survivors (0K)
 Metaspace       used 8605K, committed 9024K, reserved 1114112K
  class space    used 1114K, committed 1280K, reserved 1048576K
}
Event: 3.832 GC heap after
{Heap after GC invocations=160 (full 86):
 garbage-first heap   total 65536K, used 63407K [0x00000007fc000000, 0x0000000800000000)
  region size 1024K, 0 young (0K), 0 survivors (0K)
 Metaspace       used 8605K, committed 9024K, reserved 1114112K
  class space    used 1114K, committed 1280K, reserved 1048576K
}
Event: 3.832 GC heap before
{Heap before GC invocations=160 (full 86):
 garbage-first heap   total 65536K, used 63407K [0x00000007fc000000, 0x0000000800000000)
  region size 1024K, 0 young (0K), 0 survivors (0K)
 Metaspace       used 8605K, committed 9024K, reserved 1114112K
  class space    used 1114K, committed 1280K, reserved 1048576K
}
Event: 3.876 GC heap after
{Heap after GC invocations=161 (full 87):
 garbage-first heap   total 65536K, used 63407K [0x00000007fc000000, 0x0000000800000000)
  region size 1024K, 0 young (0K), 0 survivors (0K)
 Metaspace       used 8605K, committed 9024K, reserved 1114112K
  class space    used 1114K, committed 1280K, reserved 1048576K
}
Event: 3.876 GC heap before
{Heap before GC invocations=161 (full 87):
 garbage-first heap   total 65536K, used 63407K [0x00000007fc000000, 0x0000000800000000)
  region size 1024K, 0 young (0K), 0 survivors (0K)
 Metaspace       used 8605K, committed 9024K, reserved 1114112K
  class space    used 1114K, committed 1280K, reserved 1048576K
}
Event: 3.876 GC heap after
{Heap after GC invocations=162 (full 87):
 garbage-first heap   total 65536K, used 63407K [0x00000007fc000000, 0x0000000800000000)
  region size 1024K, 0 young (0K), 0 survivors (0K)
 Metaspace       used 8605K, committed 9024K, reserved 1114112K
  class space    used 1114K, committed 1280K, reserved 1048576K
}
Event: 3.876 GC heap before
{Heap before GC invocations=162 (full 87):
 garbage-first heap   total 65536K, used 63407K [0x00000007fc000000, 0x0000000800000000)
  region size 1024K, 0 young (0K), 0 survivors (0K)
 Metaspace       used 8605K, committed 9024K, reserved 1114112K
  class space    used 1114K, committed 1280K, reserved 1048576K
}
Event: 3.908 GC heap after
{Heap after GC invocations=163 (full 88):
 garbage-first heap   total 65536K, used 63407K [0x00000007fc000000, 0x0000000800000000)
  region size 1024K, 0 young (0K), 0 survivors (0K)
 Metaspace       used 8605K, committed 9024K, reserved 1114112K
  class space    used 1114K, committed 1280K, reserved 1048576K
}
Event: 3.908 GC heap before
{Heap before GC invocations=163 (full 88):
 garbage-first heap   total 65536K, used 63407K [0x00000007fc000000, 0x0000000800000000)
  region size 1024K, 0 young (0K), 0 survivors (0K)
 Metaspace       used 8605K, committed 9024K, reserved 1114112K
  class space    used 1114K, committed 1280K, reserved 1048576K
}
Event: 3.948 GC heap after
{Heap after GC invocations=164 (full 89):
 garbage-first heap   total 65536K, used 63406K [0x00000007fc000000, 0x0000000800000000)
  region size 1024K, 0 young (0K), 0 survivors (0K)
 Metaspace       used 8605K, committed 9024K, reserved 1114112K
  class space    used 1114K, committed 1280K, reserved 1048576K
}
Event: 3.948 GC heap before
{Heap before GC invocations=164 (full 89):
 garbage-first heap   total 65536K, used 63406K [0x00000007fc000000, 0x0000000800000000)
  region size 1024K, 0 young (0K), 0 survivors (0K)
 Metaspace       used 8605K, committed 9024K, reserved 1114112K
  class space    used 1114K, committed 1280K, reserved 1048576K
}
Event: 3.949 GC heap after
{Heap after GC invocations=165 (full 89):
 garbage-first heap   total 65536K, used 63406K [0x00000007fc000000, 0x0000000800000000)
  region size 1024K, 0 young (0K), 0 survivors (0K)
 Metaspace       used 8605K, committed 9024K, reserved 1114112K
  class space    used 1114K, committed 1280K, reserved 1048576K
}
Event: 3.949 GC heap before
{Heap before GC invocations=165 (full 89):
 garbage-first heap   total 65536K, used 63406K [0x00000007fc000000, 0x0000000800000000)
  region size 1024K, 0 young (0K), 0 survivors (0K)
 Metaspace       used 8605K, committed 9024K, reserved 1114112K
  class space    used 1114K, committed 1280K, reserved 1048576K
}
Event: 3.969 GC heap after
{Heap after GC invocations=166 (full 90):
 garbage-first heap   total 65536K, used 63406K [0x00000007fc000000, 0x0000000800000000)
  region size 1024K, 0 young (0K), 0 survivors (0K)
 Metaspace       used 8605K, committed 9024K, reserved 1114112K
  class space    used 1114K, committed 1280K, reserved 1048576K
}
Event: 3.969 GC heap before
{Heap before GC invocations=166 (full 90):
 garbage-first heap   total 65536K, used 63406K [0x00000007fc000000, 0x0000000800000000)
  region size 1024K, 0 young (0K), 0 survivors (0K)
 Metaspace       used 8605K, committed 9024K, reserved 1114112K
  class space    used 1114K, committed 1280K, reserved 1048576K
}
Event: 4.007 GC heap after
{Heap after GC invocations=167 (full 91):
 garbage-first heap   total 65536K, used 63406K [0x00000007fc000000, 0x0000000800000000)
  region size 1024K, 0 young (0K), 0 survivors (0K)
 Metaspace       used 8605K, committed 9024K, reserved 1114112K
  class space    used 1114K, committed 1280K, reserved 1048576K
}

