# JRE version: Java(TM) SE Runtime Environment (19.0.2+7) (build 19.0.2+7-44)
# Java VM: Java HotSpot(TM) 64-Bit Server VM (19.0.2+7-44, mixed mode, sharing, tiered, compressed oops, compressed class ptrs, g1 gc, bsd-aarch64)
Heap:
 garbage-first heap   total 65536K, used 63811K [0x00000007fc000000, 0x0000000800000000)
  region size 1024K, 0 young (0K), 0 survivors (0K)
 Metaspace       used 8590K, committed 8960K, reserved 1114112K
  class space    used 1113K, committed 1280K, reserved 1048576K
GC Heap History (20 events):
Event: 3.269 GC heap after
{Heap after GC invocations=159 (full 87):
 garbage-first heap   total 65536K, used 63812K [0x00000007fc000000, 0x0000000800000000)
  region size 1024K, 0 young (0K), 0 survivors (0K)
 Metaspace       used 8590K, committed 8960K, reserved 1114112K
  class space    used 1113K, committed 1280K, reserved 1048576K
}
Event: 3.269 GC heap before
{Heap before GC invocations=159 (full 87):
 garbage-first heap   total 65536K, used 63812K [0x00000007fc000000, 0x0000000800000000)
  region size 1024K, 0 young (0K), 0 survivors (0K)
 Metaspace       used 8590K, committed 8960K, reserved 1114112K
  class space    used 1113K, committed 1280K, reserved 1048576K
}
Event: 3.270 GC heap after
{Heap after GC invocations=160 (full 87):
 garbage-first heap   total 65536K, used 63812K [0x00000007fc000000, 0x0000000800000000)
  region size 1024K, 0 young (0K), 0 survivors (0K)
 Metaspace       used 8590K, committed 8960K, reserved 1114112K
  class space    used 1113K, committed 1280K, reserved 1048576K
}
Event: 3.270 GC heap before
{Heap before GC invocations=160 (full 87):
 garbage-first heap   total 65536K, used 63812K [0x00000007fc000000, 0x0000000800000000)
  region size 1024K, 0 young (0K), 0 survivors (0K)
 Metaspace       used 8590K, committed 8960K, reserved 1114112K
  class space    used 1113K, committed 1280K, reserved 1048576K
}
Event: 3.284 GC heap after
{Heap after GC invocations=161 (full 88):
 garbage-first heap   total 65536K, used 63812K [0x00000007fc000000, 0x0000000800000000)
  region size 1024K, 0 young (0K), 0 survivors (0K)
 Metaspace       used 8590K, committed 8960K, reserved 1114112K
  class space    used 1113K, committed 1280K, reserved 1048576K
}
Event: 3.284 GC heap before
{Heap before GC invocations=161 (full 88):
 garbage-first heap   total 65536K, used 63812K [0x00000007fc000000, 0x0000000800000000)
  region size 1024K, 0 young (0K), 0 survivors (0K)
 Metaspace       used 8590K, committed 8960K, reserved 1114112K
  class space    used 1113K, committed 1280K, reserved 1048576K
}
Event: 3.314 GC heap after
{Heap after GC invocations=162 (full 89):
 garbage-first heap   total 65536K, used 63812K [0x00000007fc000000, 0x0000000800000000)
  region size 1024K, 0 young (0K), 0 survivors (0K)
 Metaspace       used 8590K, committed 8960K, reserved 1114112K
  class space    used 1113K, committed 1280K, reserved 1048576K
}
Event: 3.315 GC heap before
{Heap before GC invocations=162 (full 89):
 garbage-first heap   total 65536K, used 63812K [0x00000007fc000000, 0x0000000800000000)
  region size 1024K, 0 young (0K), 0 survivors (0K)
 Metaspace       used 8590K, committed 8960K, reserved 1114112K
  class space    used 1113K, committed 1280K, reserved 1048576K
}
Event: 3.315 GC heap after
{Heap after GC invocations=163 (full 89):
 garbage-first heap   total 65536K, used 63812K [0x00000007fc000000, 0x0000000800000000)
  region size 1024K, 0 young (0K), 0 survivors (0K)
 Metaspace       used 8590K, committed 8960K, reserved 1114112K
  class space    used 1113K, committed 1280K, reserved 1048576K
}
Event: 3.315 GC heap before
{Heap before GC invocations=163 (full 89):
 garbage-first heap   total 65536K, used 63812K [0x00000007fc000000, 0x0000000800000000)
  region size 1024K, 0 young (0K), 0 survivors (0K)
 Metaspace       used 8590K, committed 8960K, reserved 1114112K
  class space    used 1113K, committed 1280K, reserved 1048576K
}
Event: 3.329 GC heap after
{Heap after GC invocations=164 (full 90):
 garbage-first heap   total 65536K, used 63812K [0x00000007fc000000, 0x0000000800000000)
  region size 1024K, 0 young (0K), 0 survivors (0K)
 Metaspace       used 8590K, committed 8960K, reserved 1114112K
  class space    used 1113K, committed 1280K, reserved 1048576K
}
Event: 3.329 GC heap before
{Heap before GC invocations=164 (full 90):
 garbage-first heap   total 65536K, used 63812K [0x00000007fc000000, 0x0000000800000000)
  region size 1024K, 0 young (0K), 0 survivors (0K)
 Metaspace       used 8590K, committed 8960K, reserved 1114112K
  class space    used 1113K, committed 1280K, reserved 1048576K
}
Event: 3.361 GC heap after
{Heap after GC invocations=165 (full 91):
 garbage-first heap   total 65536K, used 63811K [0x00000007fc000000, 0x0000000800000000)
  region size 1024K, 0 young (0K), 0 survivors (0K)
 Metaspace       used 8590K, committed 8960K, reserved 1114112K
  class space    used 1113K, committed 1280K, reserved 1048576K
}
Event: 3.361 GC heap before
{Heap before GC invocations=165 (full 91):
 garbage-first heap   total 65536K, used 63811K [0x00000007fc000000, 0x0000000800000000)
  region size 1024K, 0 young (0K), 0 survivors (0K)
 Metaspace       used 8590K, committed 8960K, reserved 1114112K
  class space    used 1113K, committed 1280K, reserved 1048576K
}
Event: 3.361 GC heap after
{Heap after GC invocations=166 (full 91):
 garbage-first heap   total 65536K, used 63811K [0x00000007fc000000, 0x0000000800000000)
  region size 1024K, 0 young (0K), 0 survivors (0K)
 Metaspace       used 8590K, committed 8960K, reserved 1114112K
  class space    used 1113K, committed 1280K, reserved 1048576K
}
Event: 3.361 GC heap before
{Heap before GC invocations=166 (full 91):
 garbage-first heap   total 65536K, used 63811K [0x00000007fc000000, 0x0000000800000000)
  region size 1024K, 0 young (0K), 0 survivors (0K)
 Metaspace       used 8590K, committed 8960K, reserved 1114112K
  class space    used 1113K, committed 1280K, reserved 1048576K
}
Event: 3.376 GC heap after
{Heap after GC invocations=167 (full 92):
 garbage-first heap   total 65536K, used 63811K [0x00000007fc000000, 0x0000000800000000)
  region size 1024K, 0 young (0K), 0 survivors (0K)
 Metaspace       used 8590K, committed 8960K, reserved 1114112K
  class space    used 1113K, committed 1280K, reserved 1048576K
}
Event: 3.376 GC heap before
{Heap before GC invocations=167 (full 92):
 garbage-first heap   total 65536K, used 63811K [0x00000007fc000000, 0x0000000800000000)
  region size 1024K, 0 young (0K), 0 survivors (0K)
 Metaspace       used 8590K, committed 8960K, reserved 1114112K
  class space    used 1113K, committed 1280K, reserved 1048576K
}
Event: 3.407 GC heap after
{Heap after GC invocations=168 (full 93):
 garbage-first heap   total 65536K, used 63811K [0x00000007fc000000, 0x0000000800000000)
  region size 1024K, 0 young (0K), 0 survivors (0K)
 Metaspace       used 8590K, committed 8960K, reserved 1114112K
  class space    used 1113K, committed 1280K, reserved 1048576K
}
Event: 3.407 GC heap before
{Heap before GC invocations=168 (full 93):
 garbage-first heap   total 65536K, used 63811K [0x00000007fc000000, 0x0000000800000000)
  region size 1024K, 0 young (0K), 0 survivors (0K)
 Metaspace       used 8590K, committed 8960K, reserved 1114112K
  class space    used 1113K, committed 1280K, reserved 1048576K
}

